2024-09-08 12:04:16 | DEBUG    | src.yandex:_init_browser:23 - Browser initialized
2024-09-08 12:04:54 | DEBUG    | src.yandex:_init_browser:23 - Browser initialized
2024-09-08 12:07:05 | DEBUG    | src.yandex:_init_browser:23 - Browser initialized
2024-09-08 12:09:26 | DEBUG    | src.yandex:_init_browser:24 - Browser initialized
2024-09-08 12:12:02 | DEBUG    | src.yandex:_init_browser:24 - Browser initialized
2024-09-08 12:13:11 | DEBUG    | src.yandex:_init_browser:24 - Browser initialized
2024-09-08 12:15:09 | DEBUG    | src.yandex:_init_browser:24 - Browser initialized
2024-09-08 12:15:32 | DEBUG    | src.yandex:_init_browser:24 - Browser initialized
2024-09-08 12:17:46 | DEBUG    | src.yandex:_init_browser:24 - Browser initialized
2024-09-08 12:18:36 | DEBUG    | src.yandex:_init_browser:24 - Browser initialized
2024-09-08 12:19:56 | DEBUG    | src.yandex:_init_browser:24 - Browser initialized
2024-09-08 12:20:10 | DEBUG    | src.yandex:_init_browser:24 - Browser initialized
2024-09-08 12:20:43 | DEBUG    | src.yandex:_init_browser:24 - Browser initialized
2024-09-08 12:22:31 | DEBUG    | src.yandex:_init_browser:24 - Browser initialized
2024-09-08 12:23:46 | DEBUG    | src.yandex:_init_browser:24 - Browser initialized
2024-09-08 12:26:11 | DEBUG    | src.yandex:_init_browser:24 - Browser initialized
2024-09-08 12:32:00 | DEBUG    | src.yandex:_init_browser:24 - Browser initialized
2024-09-08 12:33:05 | DEBUG    | src.yandex:_init_browser:24 - Browser initialized
2024-09-08 12:36:07 | DEBUG    | src.yandex:_init_browser:24 - Browser initialized
2024-09-08 12:37:27 | DEBUG    | src.yandex:_init_browser:24 - Browser initialized
2024-09-08 12:37:40 | DEBUG    | src.yandex:_init_browser:24 - Browser initialized
2024-09-08 12:38:07 | DEBUG    | src.yandex:_init_browser:24 - Browser initialized
2024-09-08 12:40:51 | DEBUG    | src.yandex:_init_browser:24 - Browser initialized
2024-09-08 12:41:15 | DEBUG    | src.yandex:_init_browser:24 - Browser initialized
2024-09-08 12:48:09 | DEBUG    | src.yandex:_init_browser:24 - Browser initialized
2024-09-08 12:49:18 | DEBUG    | src.yandex:_init_browser:24 - Browser initialized
2024-09-08 12:49:52 | DEBUG    | src.yandex:_init_browser:24 - Browser initialized
2024-09-08 12:53:51 | DEBUG    | src.yandex:_init_browser:24 - Browser initialized
2024-09-08 12:55:09 | DEBUG    | src.yandex:_init_browser:24 - Browser initialized
2024-09-08 13:08:35 | DEBUG    | src.yandex:_init_browser:24 - Browser initialized
2024-09-08 13:12:02 | DEBUG    | src.yandex:_init_browser:24 - Browser initialized
2024-09-08 13:12:37 | DEBUG    | src.yandex:_init_browser:24 - Browser initialized
2024-09-08 15:14:01 | DEBUG    | src.yandex:_init_browser:24 - Browser initialized
2024-09-08 15:16:14 | DEBUG    | src.yandex:_init_browser:24 - Browser initialized
2024-09-08 15:16:30 | DEBUG    | src.yandex:_init_browser:24 - Browser initialized
2024-09-08 15:18:41 | DEBUG    | src.yandex:_init_browser:24 - Browser initialized
2024-09-08 15:20:24 | DEBUG    | src.yandex:_init_browser:24 - Browser initialized
2024-09-08 15:27:13 | DEBUG    | src.yandex:_init_browser:24 - Browser initialized
2024-09-08 15:29:00 | DEBUG    | src.yandex:_init_browser:24 - Browser initialized
2024-09-08 15:30:33 | DEBUG    | src.yandex:_init_browser:24 - Browser initialized
2024-09-08 15:48:06 | DEBUG    | src.yandex:_init_browser:24 - Browser initialized
2024-09-08 15:48:37 | DEBUG    | src.yandex:_init_browser:24 - Browser initialized
2024-09-08 15:48:59 | DEBUG    | src.yandex:_init_browser:24 - Browser initialized
2024-09-08 15:49:28 | DEBUG    | src.yandex:_init_browser:24 - Browser initialized
2024-09-08 15:49:46 | DEBUG    | src.yandex:_init_browser:24 - Browser initialized
2024-09-08 15:50:27 | DEBUG    | src.yandex:_init_browser:24 - Browser initialized
2024-09-08 15:52:09 | DEBUG    | src.yandex:_init_browser:24 - Browser initialized
2024-09-08 15:52:24 | DEBUG    | src.yandex:_init_browser:24 - Browser initialized
2024-09-08 15:53:47 | DEBUG    | src.yandex:_init_browser:24 - Browser initialized
2024-09-08 15:54:05 | DEBUG    | src.yandex:_init_browser:24 - Browser initialized
2024-09-08 15:55:00 | DEBUG    | src.yandex:_init_browser:24 - Browser initialized
2024-09-08 15:55:51 | DEBUG    | src.yandex:_init_browser:24 - Browser initialized
2024-09-08 15:57:22 | DEBUG    | src.yandex:_init_browser:24 - Browser initialized
2024-09-08 16:00:06 | DEBUG    | src.yandex:_init_browser:24 - Browser initialized
2024-09-08 16:00:20 | DEBUG    | src.yandex:_init_browser:24 - Browser initialized
2024-09-08 16:02:43 | DEBUG    | src.yandex:_init_browser:24 - Browser initialized
2024-09-08 16:06:32 | DEBUG    | src.yandex:_init_browser:25 - Browser initialized
2024-09-08 16:07:02 | DEBUG    | src.yandex:_init_browser:25 - Browser initialized
2024-09-08 16:07:44 | DEBUG    | src.yandex:_init_browser:25 - Browser initialized
2024-09-08 16:13:02 | DEBUG    | src.yandex:_init_browser:25 - Browser initialized
2024-09-08 16:15:12 | DEBUG    | src.yandex:_init_browser:25 - Browser initialized
2024-09-08 16:19:15 | DEBUG    | src.yandex:_init_browser:25 - Browser initialized
2024-09-08 16:21:03 | DEBUG    | src.yandex:_init_browser:25 - Browser initialized
2024-09-08 16:25:35 | DEBUG    | src.yandex:_init_browser:26 - Browser initialized
2024-09-08 16:36:04 | DEBUG    | src.yandex:_init_browser:26 - Browser initialized
2024-09-08 16:37:08 | DEBUG    | src.yandex:_init_browser:26 - Browser initialized
2024-09-08 17:45:37 | DEBUG    | src.yandex:_init_browser:27 - Browser initialized
2024-09-08 17:47:29 | DEBUG    | src.yandex:_init_browser:27 - Browser initialized
2024-09-08 19:00:36 | DEBUG    | src.yandex:_init_browser:27 - Browser initialized
2024-09-08 19:04:54 | DEBUG    | src.yandex:_init_browser:27 - Browser initialized
2024-09-08 19:06:23 | DEBUG    | src.yandex:_init_browser:27 - Browser initialized
2024-09-08 19:06:24 | DEBUG    | src.yandex:fill_form:87 - Open file
2024-09-08 19:06:25 | DEBUG    | src.yandex:fill_form:90 - Find questions
2024-09-08 19:06:25 | DEBUG    | src.yandex:fill_form:97 - Find options
2024-09-08 19:06:25 | DEBUG    | src.yandex:fill_form:97 - Find options
2024-09-08 19:06:25 | DEBUG    | src.yandex:fill_form:97 - Find options
2024-09-08 19:06:25 | DEBUG    | src.yandex:fill_form:97 - Find options
2024-09-08 19:07:25 | DEBUG    | src.yandex:_init_browser:27 - Browser initialized
2024-09-08 19:07:27 | DEBUG    | src.yandex:fill_form:87 - Open file
2024-09-08 19:07:27 | DEBUG    | src.yandex:fill_form:90 - Find questions
2024-09-08 19:07:27 | DEBUG    | src.yandex:fill_form:97 - Find options
2024-09-08 19:07:27 | DEBUG    | src.yandex:fill_form:97 - Find options
2024-09-08 19:07:27 | DEBUG    | src.yandex:fill_form:97 - Find options
2024-09-08 19:07:27 | DEBUG    | src.yandex:fill_form:97 - Find options
2024-09-08 19:08:08 | DEBUG    | src.yandex:_init_browser:27 - Browser initialized
2024-09-08 19:08:10 | DEBUG    | src.yandex:fill_form:87 - Open file
2024-09-08 19:08:11 | DEBUG    | src.yandex:fill_form:90 - Find questions
2024-09-08 19:08:11 | DEBUG    | src.yandex:fill_form:97 - Find options
2024-09-08 19:08:11 | DEBUG    | src.yandex:fill_form:97 - Find options
2024-09-08 19:08:11 | DEBUG    | src.yandex:fill_form:97 - Find options
2024-09-08 19:08:11 | DEBUG    | src.yandex:fill_form:97 - Find options
2024-09-08 19:10:45 | DEBUG    | src.yandex:_init_browser:27 - Browser initialized
2024-09-08 19:10:47 | DEBUG    | src.yandex:fill_form:87 - Open file
2024-09-08 19:10:47 | DEBUG    | src.yandex:fill_form:90 - Find questions
2024-09-08 19:10:47 | DEBUG    | src.yandex:fill_form:98 - Find options
2024-09-08 19:10:47 | DEBUG    | src.yandex:fill_form:98 - Find options
2024-09-08 19:10:47 | DEBUG    | src.yandex:fill_form:98 - Find options
2024-09-08 19:10:47 | DEBUG    | src.yandex:fill_form:98 - Find options
2024-09-08 19:11:22 | DEBUG    | src.yandex:_init_browser:27 - Browser initialized
2024-09-08 19:11:24 | DEBUG    | src.yandex:fill_form:87 - Open file
2024-09-08 19:11:24 | DEBUG    | src.yandex:fill_form:90 - Find questions
2024-09-08 19:11:24 | DEBUG    | src.yandex:fill_form:99 - Find options
2024-09-08 19:11:24 | DEBUG    | src.yandex:fill_form:99 - Find options
2024-09-08 19:11:24 | DEBUG    | src.yandex:fill_form:99 - Find options
2024-09-08 19:11:24 | DEBUG    | src.yandex:fill_form:99 - Find options
2024-09-08 19:12:05 | DEBUG    | src.yandex:_init_browser:27 - Browser initialized
2024-09-08 19:12:07 | DEBUG    | src.yandex:fill_form:87 - Open file
2024-09-08 19:12:07 | DEBUG    | src.yandex:fill_form:90 - Find questions
2024-09-08 19:12:07 | DEBUG    | src.yandex:fill_form:98 - Find options
2024-09-08 19:12:07 | DEBUG    | src.yandex:fill_form:98 - Find options
2024-09-08 19:12:07 | DEBUG    | src.yandex:fill_form:98 - Find options
2024-09-08 19:12:07 | DEBUG    | src.yandex:fill_form:98 - Find options
2024-09-08 19:14:42 | DEBUG    | src.yandex:_init_browser:27 - Browser initialized
2024-09-08 19:17:03 | DEBUG    | src.yandex:_init_browser:27 - Browser initialized
2024-09-08 19:18:25 | DEBUG    | src.yandex:_init_browser:27 - Browser initialized
2024-09-08 19:20:22 | DEBUG    | src.yandex:_init_browser:27 - Browser initialized
2024-09-08 19:20:39 | DEBUG    | src.yandex:_init_browser:27 - Browser initialized
2024-09-08 19:27:09 | DEBUG    | src.yandex:_init_browser:27 - Browser initialized
2024-09-08 19:27:52 | DEBUG    | src.yandex:_init_browser:27 - Browser initialized
2024-09-08 19:28:42 | DEBUG    | src.yandex:_init_browser:27 - Browser initialized
2024-09-08 19:32:35 | DEBUG    | src.yandex:_init_browser:27 - Browser initialized
2024-09-08 19:33:17 | DEBUG    | src.yandex:_init_browser:27 - Browser initialized
2024-09-08 19:34:12 | DEBUG    | src.yandex:_init_browser:27 - Browser initialized
2024-09-08 19:36:08 | DEBUG    | src.yandex:_init_browser:27 - Browser initialized
2024-09-08 19:36:21 | DEBUG    | src.yandex:_init_browser:27 - Browser initialized
2024-09-08 19:38:48 | DEBUG    | src.yandex:_init_browser:27 - Browser initialized
2024-09-08 19:42:40 | DEBUG    | src.yandex:_init_browser:27 - Browser initialized
2024-09-08 19:42:52 | DEBUG    | src.yandex:_init_browser:27 - Browser initialized
2024-09-08 19:43:39 | DEBUG    | src.yandex:_init_browser:27 - Browser initialized
2024-09-08 19:47:59 | DEBUG    | src.yandex:_init_browser:27 - Browser initialized
2024-09-08 19:48:23 | DEBUG    | src.yandex:fill_form:102 - In checkbox
2024-09-08 19:49:07 | DEBUG    | src.yandex:_init_browser:27 - Browser initialized
2024-09-08 19:50:15 | DEBUG    | src.yandex:_init_browser:27 - Browser initialized
2024-09-08 19:50:23 | DEBUG    | src.yandex:_init_browser:27 - Browser initialized
2024-09-08 19:50:32 | DEBUG    | src.yandex:fill_form:102 - In checkbox
2024-09-08 19:50:41 | DEBUG    | src.yandex:fill_form:102 - In checkbox
2024-09-08 19:53:09 | DEBUG    | src.yandex:_init_browser:27 - Browser initialized
2024-09-08 19:57:29 | DEBUG    | src.yandex:_init_browser:27 - Browser initialized
2024-09-08 19:57:38 | INFO     | src.yandex:fill_form:115 - Processed question 1
2024-09-08 19:57:42 | INFO     | src.yandex:fill_form:115 - Processed question 2
2024-09-08 19:57:47 | INFO     | src.yandex:fill_form:115 - Processed question 3
2024-09-08 19:57:51 | INFO     | src.yandex:fill_form:115 - Processed question 4
2024-09-08 19:58:20 | DEBUG    | src.yandex:_init_browser:27 - Browser initialized
2024-09-08 20:47:15 | DEBUG    | src.yandex:_init_browser:27 - Browser initialized
2024-09-08 20:47:18 | DEBUG    | src.yandex:start:34 - page loaded
2024-09-08 20:47:25 | INFO     | src.yandex:fill_form:116 - Processed question 1
2024-09-08 20:47:38 | INFO     | src.yandex:fill_form:116 - Processed question 2
2024-09-08 20:48:23 | DEBUG    | src.yandex:_init_browser:27 - Browser initialized
2024-09-08 20:48:25 | DEBUG    | src.yandex:start:34 - page loaded
2024-09-08 20:48:45 | DEBUG    | src.yandex:_init_browser:27 - Browser initialized
2024-09-08 20:48:47 | DEBUG    | src.yandex:start:34 - page loaded
2024-09-08 20:48:52 | INFO     | src.yandex:fill_form:116 - Processed question 1
2024-09-08 20:48:56 | INFO     | src.yandex:fill_form:116 - Processed question 2
2024-09-08 20:49:00 | INFO     | src.yandex:fill_form:116 - Processed question 3
2024-09-08 20:49:46 | DEBUG    | src.yandex:_init_browser:27 - Browser initialized
2024-09-08 20:49:48 | DEBUG    | src.yandex:start:34 - Page loaded
2024-09-08 20:56:25 | DEBUG    | src.yandex:_init_browser:27 - Browser initialized
2024-09-08 20:56:37 | DEBUG    | src.yandex:_init_browser:27 - Browser initialized
2024-09-08 20:56:41 | DEBUG    | src.yandex:start:34 - Page loaded
2024-09-08 20:56:44 | INFO     | src.yandex:fill_form:116 - Processed question 1
2024-09-08 20:56:47 | INFO     | src.yandex:fill_form:116 - Processed question 2
2024-09-08 20:56:49 | INFO     | src.yandex:fill_form:116 - Processed question 3
2024-09-08 20:56:52 | INFO     | src.yandex:fill_form:116 - Processed question 4
2024-09-08 20:57:35 | DEBUG    | src.yandex:_init_browser:27 - Browser initialized
2024-09-08 20:57:39 | DEBUG    | src.yandex:start:34 - Page loaded
2024-09-08 20:57:42 | INFO     | src.yandex:fill_form:116 - Processed question 1
2024-09-08 20:57:46 | INFO     | src.yandex:fill_form:116 - Processed question 2
2024-09-08 20:57:50 | INFO     | src.yandex:fill_form:116 - Processed question 3
2024-09-08 20:57:55 | INFO     | src.yandex:fill_form:116 - Processed question 4
2024-09-08 20:58:21 | DEBUG    | src.yandex:_init_browser:27 - Browser initialized
2024-09-08 20:58:25 | DEBUG    | src.yandex:start:34 - Page loaded
2024-09-08 20:58:28 | INFO     | src.yandex:fill_form:116 - Processed question 1
2024-09-08 20:58:56 | DEBUG    | src.yandex:_init_browser:27 - Browser initialized
2024-09-08 20:59:00 | DEBUG    | src.yandex:_init_browser:27 - Browser initialized
2024-09-08 20:59:04 | DEBUG    | src.yandex:start:34 - Page loaded
2024-09-08 20:59:09 | INFO     | src.yandex:fill_form:116 - Processed question 1
2024-09-08 20:59:13 | INFO     | src.yandex:fill_form:116 - Processed question 2
2024-09-08 20:59:22 | DEBUG    | src.yandex:_init_browser:27 - Browser initialized
2024-09-08 20:59:25 | DEBUG    | src.yandex:start:34 - Page loaded
2024-09-08 20:59:29 | INFO     | src.yandex:fill_form:116 - Processed question 1
2024-09-08 20:59:33 | INFO     | src.yandex:fill_form:116 - Processed question 2
2024-09-08 20:59:39 | INFO     | src.yandex:fill_form:116 - Processed question 3
2024-09-08 20:59:46 | INFO     | src.yandex:fill_form:116 - Processed question 4
2024-09-08 21:14:21 | DEBUG    | src.yandex:_init_browser:27 - Browser initialized
2024-09-08 21:14:26 | DEBUG    | src.yandex:start:34 - Page loaded
2024-09-08 21:14:27 | INFO     | src.yandex:fill_form:126 - Processed question 1
2024-09-08 21:14:32 | INFO     | src.yandex:fill_form:126 - Processed question 2
2024-09-08 21:14:34 | INFO     | src.yandex:fill_form:126 - Processed question 3
2024-09-08 21:14:42 | INFO     | src.yandex:fill_form:126 - Processed question 4
2024-09-08 21:17:19 | DEBUG    | src.yandex:_init_browser:27 - Browser initialized
2024-09-08 21:17:28 | DEBUG    | src.yandex:start:34 - Page loaded
2024-09-08 21:17:30 | INFO     | src.yandex:fill_form:129 - Processed question 1
2024-09-08 21:17:34 | INFO     | src.yandex:fill_form:129 - Processed question 2
2024-09-08 21:17:35 | INFO     | src.yandex:fill_form:129 - Processed question 3
2024-09-08 21:17:42 | INFO     | src.yandex:fill_form:129 - Processed question 4
2024-09-08 21:22:29 | DEBUG    | src.yandex:_init_browser:27 - Browser initialized
2024-09-08 21:22:34 | DEBUG    | src.yandex:start:34 - Page loaded
2024-09-08 21:22:35 | INFO     | src.yandex:fill_form:129 - Processed question 1
2024-09-08 21:22:39 | INFO     | src.yandex:fill_form:129 - Processed question 2
2024-09-08 21:22:42 | INFO     | src.yandex:fill_form:129 - Processed question 3
2024-09-08 21:22:46 | INFO     | src.yandex:fill_form:129 - Processed question 4
2024-09-08 21:22:52 | DEBUG    | src.yandex:_init_browser:27 - Browser initialized
2024-09-08 21:22:56 | DEBUG    | src.yandex:start:34 - Page loaded
2024-09-08 21:22:58 | INFO     | src.yandex:fill_form:129 - Processed question 1
2024-09-08 21:23:02 | INFO     | src.yandex:fill_form:129 - Processed question 2
2024-09-08 21:23:05 | DEBUG    | src.yandex:_init_browser:27 - Browser initialized
2024-09-08 21:23:09 | DEBUG    | src.yandex:start:34 - Page loaded
2024-09-08 21:23:11 | INFO     | src.yandex:fill_form:129 - Processed question 1
2024-09-08 21:23:15 | DEBUG    | src.yandex:_init_browser:27 - Browser initialized
2024-09-08 21:23:19 | DEBUG    | src.yandex:start:34 - Page loaded
2024-09-08 21:23:21 | INFO     | src.yandex:fill_form:129 - Processed question 1
2024-09-08 21:23:23 | DEBUG    | src.yandex:_init_browser:27 - Browser initialized
2024-09-08 21:23:27 | DEBUG    | src.yandex:start:34 - Page loaded
2024-09-08 21:23:28 | INFO     | src.yandex:fill_form:129 - Processed question 1
2024-09-08 21:23:33 | INFO     | src.yandex:fill_form:129 - Processed question 2
2024-09-08 21:23:37 | INFO     | src.yandex:fill_form:129 - Processed question 3
2024-09-08 21:23:39 | INFO     | src.yandex:fill_form:129 - Processed question 4
2024-09-08 21:24:55 | DEBUG    | src.yandex:_init_browser:27 - Browser initialized
2024-09-08 21:25:00 | DEBUG    | src.yandex:start:34 - Page loaded
2024-09-08 21:25:01 | INFO     | src.yandex:fill_form:129 - Processed question 1
2024-09-08 21:25:04 | INFO     | src.yandex:fill_form:129 - Processed question 2
2024-09-08 21:25:07 | INFO     | src.yandex:fill_form:129 - Processed question 3
2024-09-08 21:25:11 | INFO     | src.yandex:fill_form:129 - Processed question 4
2024-09-08 21:25:26 | DEBUG    | src.yandex:_init_browser:27 - Browser initialized
2024-09-08 21:25:30 | DEBUG    | src.yandex:start:34 - Page loaded
2024-09-08 21:25:31 | INFO     | src.yandex:fill_form:129 - Processed question 1
2024-09-08 21:25:34 | INFO     | src.yandex:fill_form:129 - Processed question 2
2024-09-08 21:25:38 | INFO     | src.yandex:fill_form:129 - Processed question 3
2024-09-08 21:25:41 | INFO     | src.yandex:fill_form:129 - Processed question 4
2024-09-08 21:25:44 | DEBUG    | src.yandex:_init_browser:27 - Browser initialized
2024-09-08 21:25:47 | DEBUG    | src.yandex:start:34 - Page loaded
2024-09-08 21:25:48 | INFO     | src.yandex:fill_form:129 - Processed question 1
2024-09-08 21:25:52 | INFO     | src.yandex:fill_form:129 - Processed question 2
2024-09-08 21:25:53 | INFO     | src.yandex:fill_form:129 - Processed question 3
2024-09-08 21:47:28 | DEBUG    | src.yandex:_init_browser:27 - Browser initialized
2024-09-08 21:47:31 | DEBUG    | src.yandex:start:34 - Page loaded
2024-09-08 21:51:09 | DEBUG    | src.yandex:_init_browser:27 - Browser initialized
2024-09-08 21:51:11 | DEBUG    | src.yandex:start:34 - Page loaded
2024-09-08 21:51:14 | INFO     | src.yandex:fill_form:125 - Processed question 1
2024-09-08 21:51:18 | INFO     | src.yandex:fill_form:125 - Processed question 2
2024-09-08 21:51:21 | INFO     | src.yandex:fill_form:125 - Processed question 3
2024-09-08 21:51:24 | INFO     | src.yandex:fill_form:125 - Processed question 4
2024-09-08 21:52:47 | DEBUG    | src.yandex:_init_browser:27 - Browser initialized
2024-09-08 21:52:49 | DEBUG    | src.yandex:start:34 - Page loaded
2024-09-08 21:52:50 | INFO     | src.yandex:fill_form:125 - Processed question 1
2024-09-08 21:52:54 | INFO     | src.yandex:fill_form:125 - Processed question 2
2024-09-08 21:52:57 | INFO     | src.yandex:fill_form:125 - Processed question 3
2024-09-08 21:53:00 | INFO     | src.yandex:fill_form:125 - Processed question 4
2024-09-08 21:53:40 | DEBUG    | src.yandex:_init_browser:27 - Browser initialized
2024-09-08 21:53:42 | DEBUG    | src.yandex:start:34 - Page loaded
2024-09-08 21:53:44 | INFO     | src.yandex:fill_form:125 - Processed question 1
2024-09-08 21:53:50 | INFO     | src.yandex:fill_form:125 - Processed question 2
2024-09-08 21:53:52 | INFO     | src.yandex:fill_form:125 - Processed question 3
2024-09-08 21:53:55 | INFO     | src.yandex:fill_form:125 - Processed question 4
2024-09-08 21:54:00 | INFO     | src.yandex:fill_form:125 - Processed question 1
2024-09-08 21:54:19 | DEBUG    | src.yandex:_init_browser:27 - Browser initialized
2024-09-08 21:54:21 | DEBUG    | src.yandex:start:34 - Page loaded
2024-09-08 21:54:22 | INFO     | src.yandex:fill_form:125 - Processed question 1
2024-09-08 21:54:25 | INFO     | src.yandex:fill_form:125 - Processed question 2
2024-09-08 21:54:29 | INFO     | src.yandex:fill_form:125 - Processed question 3
2024-09-08 21:54:32 | INFO     | src.yandex:fill_form:125 - Processed question 4
2024-09-08 21:56:49 | DEBUG    | src.yandex:_init_browser:27 - Browser initialized
2024-09-08 21:56:51 | DEBUG    | src.yandex:start:34 - Page loaded
2024-09-08 21:56:52 | INFO     | src.yandex:fill_form:125 - Processed question 1
2024-09-08 21:56:57 | INFO     | src.yandex:fill_form:125 - Processed question 2
2024-09-08 21:57:01 | INFO     | src.yandex:fill_form:125 - Processed question 3
2024-09-08 21:57:04 | INFO     | src.yandex:fill_form:125 - Processed question 4
2024-09-08 21:57:06 | INFO     | src.yandex:fill_form:125 - Processed question 1
2024-09-08 22:02:12 | DEBUG    | src.yandex:_init_browser:27 - Browser initialized
2024-09-08 22:02:15 | DEBUG    | src.yandex:start:34 - Page loaded
2024-09-08 22:02:15 | INFO     | src.yandex:fill_form:125 - Processed question 1
2024-09-08 22:02:21 | INFO     | src.yandex:fill_form:125 - Processed question 2
2024-09-08 22:02:25 | INFO     | src.yandex:fill_form:125 - Processed question 3
2024-09-08 22:02:27 | INFO     | src.yandex:fill_form:125 - Processed question 4
2024-09-08 22:03:01 | DEBUG    | src.yandex:_init_browser:27 - Browser initialized
2024-09-08 22:03:03 | DEBUG    | src.yandex:start:34 - Page loaded
2024-09-08 22:03:05 | INFO     | src.yandex:fill_form:125 - Processed question 1
2024-09-08 22:03:07 | INFO     | src.yandex:fill_form:125 - Processed question 2
2024-09-08 22:03:12 | INFO     | src.yandex:fill_form:125 - Processed question 3
2024-09-08 22:03:17 | INFO     | src.yandex:fill_form:125 - Processed question 4
2024-09-08 22:03:39 | DEBUG    | src.yandex:_init_browser:27 - Browser initialized
2024-09-08 22:03:43 | DEBUG    | src.yandex:start:34 - Page loaded
2024-09-08 22:03:44 | INFO     | src.yandex:fill_form:125 - Processed question 1
2024-09-08 22:03:46 | INFO     | src.yandex:fill_form:125 - Processed question 2
2024-09-08 22:03:49 | INFO     | src.yandex:fill_form:125 - Processed question 3
2024-09-08 22:03:55 | INFO     | src.yandex:fill_form:125 - Processed question 4
2024-09-08 22:04:30 | DEBUG    | src.yandex:_init_browser:27 - Browser initialized
2024-09-08 22:04:32 | DEBUG    | src.yandex:start:34 - Page loaded
2024-09-08 22:04:33 | INFO     | src.yandex:fill_form:125 - Processed question 1
2024-09-08 22:04:37 | INFO     | src.yandex:fill_form:125 - Processed question 2
2024-09-08 22:04:39 | INFO     | src.yandex:fill_form:125 - Processed question 3
2024-09-08 22:04:44 | INFO     | src.yandex:fill_form:125 - Processed question 4
2024-09-08 22:05:45 | DEBUG    | src.yandex:_init_browser:27 - Browser initialized
2024-09-08 22:05:48 | DEBUG    | src.yandex:start:34 - Page loaded
2024-09-08 22:05:50 | INFO     | src.yandex:fill_form:125 - Processed question 1
2024-09-08 22:05:57 | INFO     | src.yandex:fill_form:125 - Processed question 2
2024-09-08 22:06:01 | INFO     | src.yandex:fill_form:125 - Processed question 3
2024-09-08 22:06:05 | INFO     | src.yandex:fill_form:125 - Processed question 4
2024-09-08 22:06:09 | DEBUG    | src.yandex:_init_browser:27 - Browser initialized
2024-09-08 22:06:11 | DEBUG    | src.yandex:start:34 - Page loaded
2024-09-08 22:06:12 | INFO     | src.yandex:fill_form:125 - Processed question 1
2024-09-08 22:07:21 | DEBUG    | src.yandex:_init_browser:27 - Browser initialized
2024-09-08 22:07:23 | DEBUG    | src.yandex:start:34 - Page loaded
2024-09-08 22:07:23 | INFO     | src.yandex:fill_form:125 - Processed question 1
2024-09-08 22:07:27 | INFO     | src.yandex:fill_form:125 - Processed question 2
2024-09-08 22:07:29 | INFO     | src.yandex:fill_form:125 - Processed question 3
2024-09-08 22:07:35 | INFO     | src.yandex:fill_form:125 - Processed question 4
2024-09-08 22:07:39 | INFO     | __main__:main:13 - 0 итерация
2024-09-08 22:07:39 | DEBUG    | src.yandex:_init_browser:27 - Browser initialized
2024-09-08 22:07:42 | DEBUG    | src.yandex:start:34 - Page loaded
2024-09-08 22:07:43 | INFO     | src.yandex:fill_form:125 - Processed question 1
2024-09-08 22:08:15 | DEBUG    | src.yandex:_init_browser:27 - Browser initialized
2024-09-08 22:08:18 | DEBUG    | src.yandex:start:34 - Page loaded
2024-09-08 22:08:34 | INFO     | __main__:main:13 - 1 итерация
2024-09-08 22:08:35 | DEBUG    | src.yandex:_init_browser:27 - Browser initialized
2024-09-08 22:08:37 | DEBUG    | src.yandex:start:34 - Page loaded
2024-09-08 22:08:51 | INFO     | __main__:main:13 - 2 итерация
2024-09-08 22:08:52 | DEBUG    | src.yandex:_init_browser:27 - Browser initialized
2024-09-08 22:08:54 | DEBUG    | src.yandex:start:34 - Page loaded
2024-09-08 22:09:13 | INFO     | __main__:main:13 - 3 итерация
2024-09-08 22:09:13 | DEBUG    | src.yandex:_init_browser:27 - Browser initialized
2024-09-08 22:09:16 | DEBUG    | src.yandex:start:34 - Page loaded
2024-09-08 22:09:32 | INFO     | __main__:main:13 - 4 итерация
2024-09-08 22:09:32 | DEBUG    | src.yandex:_init_browser:27 - Browser initialized
2024-09-08 22:09:35 | DEBUG    | src.yandex:start:34 - Page loaded
2024-09-08 22:09:51 | INFO     | __main__:main:13 - 5 итерация
2024-09-08 22:09:52 | DEBUG    | src.yandex:_init_browser:27 - Browser initialized
2024-09-08 22:09:54 | DEBUG    | src.yandex:start:34 - Page loaded
2024-09-08 22:10:09 | INFO     | __main__:main:13 - 6 итерация
2024-09-08 22:10:09 | DEBUG    | src.yandex:_init_browser:27 - Browser initialized
2024-09-08 22:10:11 | DEBUG    | src.yandex:start:34 - Page loaded
2024-09-08 22:10:30 | INFO     | __main__:main:13 - 7 итерация
2024-09-08 22:10:30 | DEBUG    | src.yandex:_init_browser:27 - Browser initialized
2024-09-08 22:10:32 | DEBUG    | src.yandex:start:34 - Page loaded
2024-09-08 22:10:52 | INFO     | __main__:main:13 - 8 итерация
2024-09-08 22:10:52 | DEBUG    | src.yandex:_init_browser:27 - Browser initialized
2024-09-08 22:10:54 | DEBUG    | src.yandex:start:34 - Page loaded
2024-09-08 22:11:09 | INFO     | __main__:main:13 - 9 итерация
2024-09-08 22:11:09 | DEBUG    | src.yandex:_init_browser:27 - Browser initialized
2024-09-08 22:11:11 | DEBUG    | src.yandex:start:34 - Page loaded
2024-09-08 22:11:25 | INFO     | __main__:main:13 - 10 итерация
2024-09-08 22:11:25 | DEBUG    | src.yandex:_init_browser:27 - Browser initialized
2024-09-08 22:11:27 | DEBUG    | src.yandex:start:34 - Page loaded
2024-09-08 22:11:45 | INFO     | __main__:main:13 - 11 итерация
2024-09-08 22:11:45 | DEBUG    | src.yandex:_init_browser:27 - Browser initialized
2024-09-08 22:11:47 | DEBUG    | src.yandex:start:34 - Page loaded
2024-09-08 22:12:03 | INFO     | __main__:main:13 - 12 итерация
2024-09-08 22:12:03 | DEBUG    | src.yandex:_init_browser:27 - Browser initialized
2024-09-08 22:12:05 | DEBUG    | src.yandex:start:34 - Page loaded
2024-09-08 22:12:20 | INFO     | __main__:main:13 - 13 итерация
2024-09-08 22:12:20 | DEBUG    | src.yandex:_init_browser:27 - Browser initialized
2024-09-08 22:12:22 | DEBUG    | src.yandex:start:34 - Page loaded
2024-09-08 22:12:39 | INFO     | __main__:main:13 - 14 итерация
2024-09-08 22:12:40 | DEBUG    | src.yandex:_init_browser:27 - Browser initialized
2024-09-08 22:12:41 | DEBUG    | src.yandex:start:34 - Page loaded
2024-09-08 22:12:55 | INFO     | __main__:main:13 - 15 итерация
2024-09-08 22:12:55 | DEBUG    | src.yandex:_init_browser:27 - Browser initialized
2024-09-08 22:12:57 | DEBUG    | src.yandex:start:34 - Page loaded
2024-09-08 22:13:17 | INFO     | __main__:main:13 - 16 итерация
2024-09-08 22:13:17 | DEBUG    | src.yandex:_init_browser:27 - Browser initialized
2024-09-08 22:13:20 | DEBUG    | src.yandex:start:34 - Page loaded
2024-09-08 22:13:37 | INFO     | __main__:main:13 - 17 итерация
2024-09-08 22:13:37 | DEBUG    | src.yandex:_init_browser:27 - Browser initialized
2024-09-08 22:13:40 | DEBUG    | src.yandex:start:34 - Page loaded
2024-09-08 22:13:56 | INFO     | __main__:main:13 - 18 итерация
2024-09-08 22:13:56 | DEBUG    | src.yandex:_init_browser:27 - Browser initialized
2024-09-08 22:13:59 | DEBUG    | src.yandex:start:34 - Page loaded
2024-09-08 22:14:13 | INFO     | __main__:main:13 - 19 итерация
2024-09-08 22:14:14 | DEBUG    | src.yandex:_init_browser:27 - Browser initialized
2024-09-08 22:14:16 | DEBUG    | src.yandex:start:34 - Page loaded
2024-09-08 22:14:34 | INFO     | __main__:main:13 - 20 итерация
2024-09-08 22:14:34 | DEBUG    | src.yandex:_init_browser:27 - Browser initialized
2024-09-08 22:14:36 | DEBUG    | src.yandex:start:34 - Page loaded
2024-09-08 22:14:49 | INFO     | __main__:main:13 - 21 итерация
2024-09-08 22:14:49 | DEBUG    | src.yandex:_init_browser:27 - Browser initialized
2024-09-08 22:14:51 | DEBUG    | src.yandex:start:34 - Page loaded
2024-09-08 22:15:06 | INFO     | __main__:main:13 - 22 итерация
2024-09-08 22:15:06 | DEBUG    | src.yandex:_init_browser:27 - Browser initialized
2024-09-08 22:15:08 | DEBUG    | src.yandex:start:34 - Page loaded
2024-09-08 22:15:21 | INFO     | __main__:main:13 - 23 итерация
2024-09-08 22:15:21 | DEBUG    | src.yandex:_init_browser:27 - Browser initialized
2024-09-08 22:15:23 | DEBUG    | src.yandex:start:34 - Page loaded
2024-09-08 22:15:39 | INFO     | __main__:main:13 - 24 итерация
2024-09-08 22:15:40 | DEBUG    | src.yandex:_init_browser:27 - Browser initialized
2024-09-08 22:15:42 | DEBUG    | src.yandex:start:34 - Page loaded
2024-09-08 22:16:01 | INFO     | __main__:main:13 - 25 итерация
2024-09-08 22:16:01 | DEBUG    | src.yandex:_init_browser:27 - Browser initialized
2024-09-08 22:16:04 | DEBUG    | src.yandex:start:34 - Page loaded
2024-09-08 22:16:18 | INFO     | __main__:main:13 - 26 итерация
2024-09-08 22:16:19 | DEBUG    | src.yandex:_init_browser:27 - Browser initialized
2024-09-08 22:16:21 | DEBUG    | src.yandex:start:34 - Page loaded
2024-09-08 22:16:35 | INFO     | __main__:main:13 - 27 итерация
2024-09-08 22:16:36 | DEBUG    | src.yandex:_init_browser:27 - Browser initialized
2024-09-08 22:16:38 | DEBUG    | src.yandex:start:34 - Page loaded
2024-09-08 22:16:53 | INFO     | __main__:main:13 - 28 итерация
2024-09-08 22:16:53 | DEBUG    | src.yandex:_init_browser:27 - Browser initialized
2024-09-08 22:16:55 | DEBUG    | src.yandex:start:34 - Page loaded
2024-09-08 22:17:12 | INFO     | __main__:main:13 - 29 итерация
2024-09-08 22:17:13 | DEBUG    | src.yandex:_init_browser:27 - Browser initialized
2024-09-08 22:17:15 | DEBUG    | src.yandex:start:34 - Page loaded
2024-09-08 22:17:29 | INFO     | __main__:main:13 - 30 итерация
2024-09-08 22:17:30 | DEBUG    | src.yandex:_init_browser:27 - Browser initialized
2024-09-08 22:17:32 | DEBUG    | src.yandex:start:34 - Page loaded
2024-09-08 22:17:47 | INFO     | __main__:main:13 - 31 итерация
2024-09-08 22:17:48 | DEBUG    | src.yandex:_init_browser:27 - Browser initialized
2024-09-08 22:17:50 | DEBUG    | src.yandex:start:34 - Page loaded
2024-09-08 22:18:03 | INFO     | __main__:main:13 - 32 итерация
2024-09-08 22:18:04 | DEBUG    | src.yandex:_init_browser:27 - Browser initialized
2024-09-08 22:18:06 | DEBUG    | src.yandex:start:34 - Page loaded
2024-09-08 22:18:20 | INFO     | __main__:main:13 - 33 итерация
2024-09-08 22:18:20 | DEBUG    | src.yandex:_init_browser:27 - Browser initialized
2024-09-08 22:18:22 | DEBUG    | src.yandex:start:34 - Page loaded
2024-09-08 22:18:41 | INFO     | __main__:main:13 - 34 итерация
2024-09-08 22:18:41 | DEBUG    | src.yandex:_init_browser:27 - Browser initialized
2024-09-08 22:18:43 | DEBUG    | src.yandex:start:34 - Page loaded
2024-09-08 22:18:54 | INFO     | __main__:main:13 - 35 итерация
2024-09-08 22:18:54 | DEBUG    | src.yandex:_init_browser:27 - Browser initialized
2024-09-08 22:18:56 | DEBUG    | src.yandex:start:34 - Page loaded
2024-09-08 22:19:11 | INFO     | __main__:main:13 - 36 итерация
2024-09-08 22:19:11 | DEBUG    | src.yandex:_init_browser:27 - Browser initialized
2024-09-08 22:19:13 | DEBUG    | src.yandex:start:34 - Page loaded
2024-09-08 22:19:31 | INFO     | __main__:main:13 - 37 итерация
2024-09-08 22:19:31 | DEBUG    | src.yandex:_init_browser:27 - Browser initialized
2024-09-08 22:19:33 | DEBUG    | src.yandex:start:34 - Page loaded
2024-09-08 22:19:48 | INFO     | __main__:main:13 - 38 итерация
2024-09-08 22:19:49 | DEBUG    | src.yandex:_init_browser:27 - Browser initialized
2024-09-08 22:19:51 | DEBUG    | src.yandex:start:34 - Page loaded
2024-09-08 22:20:07 | INFO     | __main__:main:13 - 39 итерация
2024-09-08 22:20:08 | DEBUG    | src.yandex:_init_browser:27 - Browser initialized
2024-09-08 22:20:10 | DEBUG    | src.yandex:start:34 - Page loaded
2024-09-08 22:20:28 | INFO     | __main__:main:13 - 40 итерация
2024-09-08 22:20:28 | DEBUG    | src.yandex:_init_browser:27 - Browser initialized
2024-09-08 22:20:30 | DEBUG    | src.yandex:start:34 - Page loaded
2024-09-08 22:20:46 | INFO     | __main__:main:13 - 41 итерация
2024-09-08 22:20:47 | DEBUG    | src.yandex:_init_browser:27 - Browser initialized
2024-09-08 22:20:49 | DEBUG    | src.yandex:start:34 - Page loaded
2024-09-08 22:21:10 | INFO     | __main__:main:13 - 42 итерация
2024-09-08 22:21:11 | DEBUG    | src.yandex:_init_browser:27 - Browser initialized
2024-09-08 22:21:13 | DEBUG    | src.yandex:start:34 - Page loaded
2024-09-08 22:21:34 | INFO     | __main__:main:13 - 43 итерация
2024-09-08 22:21:35 | DEBUG    | src.yandex:_init_browser:27 - Browser initialized
2024-09-08 22:21:37 | DEBUG    | src.yandex:start:34 - Page loaded
2024-09-08 22:22:03 | INFO     | __main__:main:13 - 44 итерация
2024-09-08 22:22:03 | DEBUG    | src.yandex:_init_browser:27 - Browser initialized
2024-09-08 22:22:05 | DEBUG    | src.yandex:start:34 - Page loaded
2024-09-08 22:22:23 | INFO     | __main__:main:13 - 45 итерация
2024-09-08 22:22:23 | DEBUG    | src.yandex:_init_browser:27 - Browser initialized
2024-09-08 22:22:25 | DEBUG    | src.yandex:start:34 - Page loaded
2024-09-08 22:23:12 | DEBUG    | src.yandex:_init_browser:27 - Browser initialized
2024-09-08 22:23:14 | DEBUG    | src.yandex:start:34 - Page loaded
2024-09-08 22:23:37 | INFO     | __main__:main:13 - 1 итерация
2024-09-08 22:23:37 | DEBUG    | src.yandex:_init_browser:27 - Browser initialized
2024-09-08 22:23:40 | DEBUG    | src.yandex:start:34 - Page loaded
2024-09-08 22:23:55 | INFO     | __main__:main:13 - 2 итерация
2024-09-08 22:23:56 | DEBUG    | src.yandex:_init_browser:27 - Browser initialized
2024-09-08 22:23:58 | DEBUG    | src.yandex:start:34 - Page loaded
2024-09-08 22:24:10 | INFO     | __main__:main:13 - 3 итерация
2024-09-08 22:24:10 | DEBUG    | src.yandex:_init_browser:27 - Browser initialized
2024-09-08 22:24:12 | DEBUG    | src.yandex:start:34 - Page loaded
2024-09-08 22:24:28 | INFO     | __main__:main:13 - 4 итерация
2024-09-08 22:24:29 | DEBUG    | src.yandex:_init_browser:27 - Browser initialized
2024-09-08 22:24:31 | DEBUG    | src.yandex:start:34 - Page loaded
2024-09-08 22:24:43 | INFO     | __main__:main:13 - 5 итерация
2024-09-08 22:24:44 | DEBUG    | src.yandex:_init_browser:27 - Browser initialized
2024-09-08 22:24:46 | DEBUG    | src.yandex:start:34 - Page loaded
2024-09-08 22:25:01 | INFO     | __main__:main:13 - 6 итерация
2024-09-08 22:25:02 | DEBUG    | src.yandex:_init_browser:27 - Browser initialized
2024-09-08 22:25:04 | DEBUG    | src.yandex:start:34 - Page loaded
2024-09-08 22:25:36 | INFO     | __main__:main:13 - 7 итерация
2024-09-08 22:25:36 | DEBUG    | src.yandex:_init_browser:27 - Browser initialized
2024-09-08 22:25:38 | DEBUG    | src.yandex:start:34 - Page loaded
2024-09-08 22:25:56 | INFO     | __main__:main:13 - 8 итерация
2024-09-08 22:25:56 | DEBUG    | src.yandex:_init_browser:27 - Browser initialized
2024-09-08 22:25:58 | DEBUG    | src.yandex:start:34 - Page loaded
2024-09-08 22:26:12 | INFO     | __main__:main:13 - 9 итерация
2024-09-08 22:26:12 | DEBUG    | src.yandex:_init_browser:27 - Browser initialized
2024-09-08 22:26:14 | DEBUG    | src.yandex:start:34 - Page loaded
2024-09-08 22:26:28 | INFO     | __main__:main:13 - 10 итерация
2024-09-08 22:26:28 | DEBUG    | src.yandex:_init_browser:27 - Browser initialized
2024-09-08 22:26:30 | DEBUG    | src.yandex:start:34 - Page loaded
2024-09-08 22:26:46 | INFO     | __main__:main:13 - 11 итерация
2024-09-08 22:26:47 | DEBUG    | src.yandex:_init_browser:27 - Browser initialized
2024-09-08 22:26:49 | DEBUG    | src.yandex:start:34 - Page loaded
2024-09-08 22:27:03 | INFO     | __main__:main:13 - 12 итерация
2024-09-08 22:27:03 | DEBUG    | src.yandex:_init_browser:27 - Browser initialized
2024-09-08 22:27:05 | DEBUG    | src.yandex:start:34 - Page loaded
2024-09-08 22:27:23 | INFO     | __main__:main:13 - 13 итерация
2024-09-08 22:27:23 | DEBUG    | src.yandex:_init_browser:27 - Browser initialized
2024-09-08 22:27:26 | DEBUG    | src.yandex:start:34 - Page loaded
2024-09-08 22:27:46 | INFO     | __main__:main:13 - 14 итерация
2024-09-08 22:27:46 | DEBUG    | src.yandex:_init_browser:27 - Browser initialized
2024-09-08 22:27:48 | DEBUG    | src.yandex:start:34 - Page loaded
2024-09-08 22:28:05 | INFO     | __main__:main:13 - 15 итерация
2024-09-08 22:28:05 | DEBUG    | src.yandex:_init_browser:27 - Browser initialized
2024-09-08 22:28:07 | DEBUG    | src.yandex:start:34 - Page loaded
2024-09-08 22:28:25 | INFO     | __main__:main:13 - 16 итерация
2024-09-08 22:28:25 | DEBUG    | src.yandex:_init_browser:27 - Browser initialized
2024-09-08 22:28:27 | DEBUG    | src.yandex:start:34 - Page loaded
2024-09-08 22:28:43 | INFO     | __main__:main:13 - 17 итерация
2024-09-08 22:28:44 | DEBUG    | src.yandex:_init_browser:27 - Browser initialized
2024-09-08 22:28:46 | DEBUG    | src.yandex:start:34 - Page loaded
2024-09-08 22:29:01 | INFO     | __main__:main:13 - 18 итерация
2024-09-08 22:29:01 | DEBUG    | src.yandex:_init_browser:27 - Browser initialized
2024-09-08 22:29:03 | DEBUG    | src.yandex:start:34 - Page loaded
2024-09-08 22:29:19 | INFO     | __main__:main:13 - 19 итерация
2024-09-08 22:29:19 | DEBUG    | src.yandex:_init_browser:27 - Browser initialized
2024-09-08 22:29:21 | DEBUG    | src.yandex:start:34 - Page loaded
2024-09-08 22:29:37 | INFO     | __main__:main:13 - 20 итерация
2024-09-08 22:29:38 | DEBUG    | src.yandex:_init_browser:27 - Browser initialized
2024-09-08 22:29:41 | DEBUG    | src.yandex:start:34 - Page loaded
2024-09-08 22:29:58 | INFO     | __main__:main:13 - 21 итерация
2024-09-08 22:29:59 | DEBUG    | src.yandex:_init_browser:27 - Browser initialized
2024-09-08 22:30:01 | DEBUG    | src.yandex:start:34 - Page loaded
2024-09-08 22:30:18 | INFO     | __main__:main:13 - 22 итерация
2024-09-08 22:30:19 | DEBUG    | src.yandex:_init_browser:27 - Browser initialized
2024-09-08 22:30:21 | DEBUG    | src.yandex:start:34 - Page loaded
2024-09-08 22:30:40 | INFO     | __main__:main:13 - 23 итерация
2024-09-08 22:30:40 | DEBUG    | src.yandex:_init_browser:27 - Browser initialized
2024-09-08 22:30:42 | DEBUG    | src.yandex:start:34 - Page loaded
2024-09-08 22:30:57 | INFO     | __main__:main:13 - 24 итерация
2024-09-08 22:30:57 | DEBUG    | src.yandex:_init_browser:27 - Browser initialized
2024-09-08 22:31:00 | DEBUG    | src.yandex:start:34 - Page loaded
2024-09-08 22:31:17 | INFO     | __main__:main:13 - 25 итерация
2024-09-08 22:31:17 | DEBUG    | src.yandex:_init_browser:27 - Browser initialized
2024-09-08 22:31:19 | DEBUG    | src.yandex:start:34 - Page loaded
2024-09-08 22:31:34 | INFO     | __main__:main:13 - 26 итерация
2024-09-08 22:31:34 | DEBUG    | src.yandex:_init_browser:27 - Browser initialized
2024-09-08 22:31:36 | DEBUG    | src.yandex:start:34 - Page loaded
2024-09-08 22:31:53 | INFO     | __main__:main:13 - 27 итерация
2024-09-08 22:31:53 | DEBUG    | src.yandex:_init_browser:27 - Browser initialized
2024-09-08 22:31:55 | DEBUG    | src.yandex:start:34 - Page loaded
2024-09-08 22:32:10 | INFO     | __main__:main:13 - 28 итерация
2024-09-08 22:32:11 | DEBUG    | src.yandex:_init_browser:27 - Browser initialized
2024-09-08 22:32:13 | DEBUG    | src.yandex:start:34 - Page loaded
2024-09-08 22:32:29 | INFO     | __main__:main:13 - 29 итерация
2024-09-08 22:32:29 | DEBUG    | src.yandex:_init_browser:27 - Browser initialized
2024-09-08 22:32:31 | DEBUG    | src.yandex:start:34 - Page loaded
2024-09-08 22:32:47 | INFO     | __main__:main:13 - 30 итерация
2024-09-08 22:32:48 | DEBUG    | src.yandex:_init_browser:27 - Browser initialized
2024-09-08 22:32:50 | DEBUG    | src.yandex:start:34 - Page loaded
2024-09-08 22:33:05 | INFO     | __main__:main:13 - 31 итерация
2024-09-08 22:33:05 | DEBUG    | src.yandex:_init_browser:27 - Browser initialized
2024-09-08 22:33:07 | DEBUG    | src.yandex:start:34 - Page loaded
2024-09-08 22:33:22 | INFO     | __main__:main:13 - 32 итерация
2024-09-08 22:33:22 | DEBUG    | src.yandex:_init_browser:27 - Browser initialized
2024-09-08 22:33:25 | DEBUG    | src.yandex:start:34 - Page loaded
2024-09-08 22:33:39 | INFO     | __main__:main:13 - 33 итерация
2024-09-08 22:33:40 | DEBUG    | src.yandex:_init_browser:27 - Browser initialized
2024-09-08 22:33:42 | DEBUG    | src.yandex:start:34 - Page loaded
2024-09-08 22:33:59 | INFO     | __main__:main:13 - 34 итерация
2024-09-08 22:33:59 | DEBUG    | src.yandex:_init_browser:27 - Browser initialized
2024-09-08 22:34:02 | DEBUG    | src.yandex:start:34 - Page loaded
2024-09-08 22:34:16 | INFO     | __main__:main:13 - 35 итерация
2024-09-08 22:34:17 | DEBUG    | src.yandex:_init_browser:27 - Browser initialized
2024-09-08 22:34:18 | DEBUG    | src.yandex:start:34 - Page loaded
2024-09-08 22:34:36 | INFO     | __main__:main:13 - 36 итерация
2024-09-08 22:34:37 | DEBUG    | src.yandex:_init_browser:27 - Browser initialized
2024-09-08 22:34:39 | DEBUG    | src.yandex:start:34 - Page loaded
2024-09-08 22:35:01 | INFO     | __main__:main:13 - 37 итерация
2024-09-08 22:35:01 | DEBUG    | src.yandex:_init_browser:27 - Browser initialized
2024-09-08 22:35:03 | DEBUG    | src.yandex:start:34 - Page loaded
2024-09-08 22:35:20 | INFO     | __main__:main:13 - 38 итерация
2024-09-08 22:35:20 | DEBUG    | src.yandex:_init_browser:27 - Browser initialized
2024-09-08 22:35:23 | DEBUG    | src.yandex:start:34 - Page loaded
2024-09-08 22:35:38 | INFO     | __main__:main:13 - 39 итерация
2024-09-08 22:35:38 | DEBUG    | src.yandex:_init_browser:27 - Browser initialized
2024-09-08 22:35:40 | DEBUG    | src.yandex:start:34 - Page loaded
2024-09-08 22:35:57 | INFO     | __main__:main:13 - 40 итерация
2024-09-08 22:35:58 | DEBUG    | src.yandex:_init_browser:27 - Browser initialized
2024-09-08 22:36:00 | DEBUG    | src.yandex:start:34 - Page loaded
2024-09-08 22:36:16 | INFO     | __main__:main:13 - 41 итерация
2024-09-08 22:36:16 | DEBUG    | src.yandex:_init_browser:27 - Browser initialized
2024-09-08 22:36:18 | DEBUG    | src.yandex:start:34 - Page loaded
2024-09-08 22:36:30 | INFO     | __main__:main:13 - 42 итерация
2024-09-08 22:36:31 | DEBUG    | src.yandex:_init_browser:27 - Browser initialized
2024-09-08 22:36:34 | DEBUG    | src.yandex:start:34 - Page loaded
2024-09-08 22:36:50 | INFO     | __main__:main:13 - 43 итерация
2024-09-08 22:36:51 | DEBUG    | src.yandex:_init_browser:27 - Browser initialized
2024-09-08 22:36:53 | DEBUG    | src.yandex:start:34 - Page loaded
2024-09-08 22:37:11 | INFO     | __main__:main:13 - 44 итерация
2024-09-08 22:37:11 | DEBUG    | src.yandex:_init_browser:27 - Browser initialized
2024-09-08 22:37:13 | DEBUG    | src.yandex:start:34 - Page loaded
2024-09-08 22:37:32 | INFO     | __main__:main:13 - 45 итерация
2024-09-08 22:37:32 | DEBUG    | src.yandex:_init_browser:27 - Browser initialized
2024-09-08 22:37:34 | DEBUG    | src.yandex:start:34 - Page loaded
2024-09-08 22:37:51 | INFO     | __main__:main:13 - 46 итерация
2024-09-08 22:37:51 | DEBUG    | src.yandex:_init_browser:27 - Browser initialized
2024-09-08 22:37:53 | DEBUG    | src.yandex:start:34 - Page loaded
2024-09-08 22:38:08 | INFO     | __main__:main:13 - 47 итерация
2024-09-08 22:38:09 | DEBUG    | src.yandex:_init_browser:27 - Browser initialized
2024-09-08 22:38:12 | DEBUG    | src.yandex:start:34 - Page loaded
2024-09-08 22:38:28 | INFO     | __main__:main:13 - 48 итерация
2024-09-08 22:38:29 | DEBUG    | src.yandex:_init_browser:27 - Browser initialized
2024-09-08 22:38:31 | DEBUG    | src.yandex:start:34 - Page loaded
2024-09-08 22:38:47 | INFO     | __main__:main:13 - 49 итерация
2024-09-08 22:38:48 | DEBUG    | src.yandex:_init_browser:27 - Browser initialized
2024-09-08 22:38:50 | DEBUG    | src.yandex:start:34 - Page loaded
2024-09-08 22:39:08 | INFO     | __main__:main:13 - 50 итерация
2024-09-08 22:39:09 | DEBUG    | src.yandex:_init_browser:27 - Browser initialized
2024-09-08 22:39:11 | DEBUG    | src.yandex:start:34 - Page loaded
2024-09-08 22:39:27 | INFO     | __main__:main:13 - 51 итерация
2024-09-08 22:39:27 | DEBUG    | src.yandex:_init_browser:27 - Browser initialized
2024-09-08 22:39:29 | DEBUG    | src.yandex:start:34 - Page loaded
2024-09-08 22:39:43 | DEBUG    | src.yandex:_init_browser:27 - Browser initialized
2024-09-08 22:39:45 | DEBUG    | src.yandex:start:34 - Page loaded
2024-09-08 22:39:59 | INFO     | __main__:main:13 - 1 итерация
2024-09-08 22:39:59 | DEBUG    | src.yandex:_init_browser:27 - Browser initialized
2024-09-08 22:40:02 | DEBUG    | src.yandex:start:34 - Page loaded
2024-09-08 22:40:11 | INFO     | __main__:main:13 - 2 итерация
2024-09-08 22:40:12 | DEBUG    | src.yandex:_init_browser:27 - Browser initialized
2024-09-08 22:40:14 | DEBUG    | src.yandex:start:34 - Page loaded
2024-09-08 22:40:27 | INFO     | __main__:main:13 - 3 итерация
2024-09-08 22:40:27 | DEBUG    | src.yandex:_init_browser:27 - Browser initialized
2024-09-08 22:40:29 | DEBUG    | src.yandex:start:34 - Page loaded
2024-09-08 22:40:42 | INFO     | __main__:main:13 - 4 итерация
2024-09-08 22:40:43 | DEBUG    | src.yandex:_init_browser:27 - Browser initialized
2024-09-08 22:40:45 | DEBUG    | src.yandex:start:34 - Page loaded
2024-09-08 22:41:00 | INFO     | __main__:main:13 - 5 итерация
2024-09-08 22:41:00 | DEBUG    | src.yandex:_init_browser:27 - Browser initialized
2024-09-08 22:41:02 | DEBUG    | src.yandex:start:34 - Page loaded
2024-09-08 22:41:15 | INFO     | __main__:main:13 - 6 итерация
2024-09-08 22:41:16 | DEBUG    | src.yandex:_init_browser:27 - Browser initialized
2024-09-08 22:41:18 | DEBUG    | src.yandex:start:34 - Page loaded
2024-09-08 22:41:32 | INFO     | __main__:main:13 - 7 итерация
2024-09-08 22:41:32 | DEBUG    | src.yandex:_init_browser:27 - Browser initialized
2024-09-08 22:41:34 | DEBUG    | src.yandex:start:34 - Page loaded
2024-09-08 22:41:48 | INFO     | __main__:main:13 - 8 итерация
2024-09-08 22:41:48 | DEBUG    | src.yandex:_init_browser:27 - Browser initialized
2024-09-08 22:41:51 | DEBUG    | src.yandex:start:34 - Page loaded
2024-09-08 22:42:02 | INFO     | __main__:main:13 - 9 итерация
2024-09-08 22:42:03 | DEBUG    | src.yandex:_init_browser:27 - Browser initialized
2024-09-08 22:42:05 | DEBUG    | src.yandex:start:34 - Page loaded
2024-09-08 22:42:19 | INFO     | __main__:main:13 - 10 итерация
2024-09-08 22:42:19 | DEBUG    | src.yandex:_init_browser:27 - Browser initialized
2024-09-08 22:42:22 | DEBUG    | src.yandex:start:34 - Page loaded
2024-09-08 22:42:35 | INFO     | __main__:main:13 - 11 итерация
2024-09-08 22:42:35 | DEBUG    | src.yandex:_init_browser:27 - Browser initialized
2024-09-08 22:42:37 | DEBUG    | src.yandex:start:34 - Page loaded
2024-09-08 22:42:51 | INFO     | __main__:main:13 - 12 итерация
2024-09-08 22:42:52 | DEBUG    | src.yandex:_init_browser:27 - Browser initialized
2024-09-08 22:42:55 | DEBUG    | src.yandex:start:34 - Page loaded
2024-09-08 22:43:08 | INFO     | __main__:main:13 - 13 итерация
2024-09-08 22:43:08 | DEBUG    | src.yandex:_init_browser:27 - Browser initialized
2024-09-08 22:43:10 | DEBUG    | src.yandex:start:34 - Page loaded
2024-09-08 22:43:23 | INFO     | __main__:main:13 - 14 итерация
2024-09-08 22:43:23 | DEBUG    | src.yandex:_init_browser:27 - Browser initialized
2024-09-08 22:43:25 | DEBUG    | src.yandex:start:34 - Page loaded
2024-09-08 22:43:41 | INFO     | __main__:main:13 - 15 итерация
2024-09-08 22:43:42 | DEBUG    | src.yandex:_init_browser:27 - Browser initialized
2024-09-08 22:43:44 | DEBUG    | src.yandex:start:34 - Page loaded
2024-09-08 22:43:58 | INFO     | __main__:main:13 - 16 итерация
2024-09-08 22:43:59 | DEBUG    | src.yandex:_init_browser:27 - Browser initialized
2024-09-08 22:44:01 | DEBUG    | src.yandex:start:34 - Page loaded
2024-09-08 22:44:15 | INFO     | __main__:main:13 - 17 итерация
2024-09-08 22:44:16 | DEBUG    | src.yandex:_init_browser:27 - Browser initialized
2024-09-08 22:44:18 | DEBUG    | src.yandex:start:34 - Page loaded
2024-09-08 22:44:35 | INFO     | __main__:main:13 - 18 итерация
2024-09-08 22:44:35 | DEBUG    | src.yandex:_init_browser:27 - Browser initialized
2024-09-08 22:44:38 | DEBUG    | src.yandex:start:34 - Page loaded
2024-09-08 22:44:53 | INFO     | __main__:main:13 - 19 итерация
2024-09-08 22:44:53 | DEBUG    | src.yandex:_init_browser:27 - Browser initialized
2024-09-08 22:44:55 | DEBUG    | src.yandex:start:34 - Page loaded
2024-09-08 22:45:07 | INFO     | __main__:main:13 - 20 итерация
2024-09-08 22:45:08 | DEBUG    | src.yandex:_init_browser:27 - Browser initialized
2024-09-08 22:45:10 | DEBUG    | src.yandex:start:34 - Page loaded
2024-09-08 22:45:23 | INFO     | __main__:main:13 - 21 итерация
2024-09-08 22:45:24 | DEBUG    | src.yandex:_init_browser:27 - Browser initialized
2024-09-08 22:45:26 | DEBUG    | src.yandex:start:34 - Page loaded
2024-09-08 22:45:37 | INFO     | __main__:main:13 - 22 итерация
2024-09-08 22:45:38 | DEBUG    | src.yandex:_init_browser:27 - Browser initialized
2024-09-08 22:45:39 | DEBUG    | src.yandex:start:34 - Page loaded
2024-09-08 22:45:51 | INFO     | __main__:main:13 - 23 итерация
2024-09-08 22:45:51 | DEBUG    | src.yandex:_init_browser:27 - Browser initialized
2024-09-08 22:45:53 | DEBUG    | src.yandex:start:34 - Page loaded
2024-09-08 22:46:06 | INFO     | __main__:main:13 - 24 итерация
2024-09-08 22:46:06 | DEBUG    | src.yandex:_init_browser:27 - Browser initialized
2024-09-08 22:46:09 | DEBUG    | src.yandex:start:34 - Page loaded
2024-09-08 22:46:23 | INFO     | __main__:main:13 - 25 итерация
2024-09-08 22:46:23 | DEBUG    | src.yandex:_init_browser:27 - Browser initialized
2024-09-08 22:46:25 | DEBUG    | src.yandex:start:34 - Page loaded
2024-09-08 22:46:37 | INFO     | __main__:main:13 - 26 итерация
2024-09-08 22:46:37 | DEBUG    | src.yandex:_init_browser:27 - Browser initialized
2024-09-08 22:46:40 | DEBUG    | src.yandex:start:34 - Page loaded
2024-09-08 22:46:51 | INFO     | __main__:main:13 - 27 итерация
2024-09-08 22:46:51 | DEBUG    | src.yandex:_init_browser:27 - Browser initialized
2024-09-08 22:46:53 | DEBUG    | src.yandex:start:34 - Page loaded
2024-09-08 22:47:06 | INFO     | __main__:main:13 - 28 итерация
2024-09-08 22:47:06 | DEBUG    | src.yandex:_init_browser:27 - Browser initialized
2024-09-08 22:47:08 | DEBUG    | src.yandex:start:34 - Page loaded
2024-09-08 22:47:19 | INFO     | __main__:main:13 - 29 итерация
2024-09-08 22:47:20 | DEBUG    | src.yandex:_init_browser:27 - Browser initialized
2024-09-08 22:47:22 | DEBUG    | src.yandex:start:34 - Page loaded
2024-09-08 22:47:35 | INFO     | __main__:main:13 - 30 итерация
2024-09-08 22:47:36 | DEBUG    | src.yandex:_init_browser:27 - Browser initialized
2024-09-08 22:47:38 | DEBUG    | src.yandex:start:34 - Page loaded
2024-09-08 22:47:50 | INFO     | __main__:main:13 - 31 итерация
2024-09-08 22:47:50 | DEBUG    | src.yandex:_init_browser:27 - Browser initialized
2024-09-08 22:47:53 | DEBUG    | src.yandex:start:34 - Page loaded
2024-09-08 22:48:42 | DEBUG    | src.yandex:_init_browser:27 - Browser initialized
2024-09-08 22:48:44 | DEBUG    | src.yandex:start:34 - Page loaded
2024-09-09 14:59:53 | DEBUG    | src.yandex:_init_browser:27 - Browser initialized
2024-09-09 14:59:57 | DEBUG    | src.yandex:start:34 - Page loaded
2024-09-09 14:59:57 | INFO     | __main__:main:17 - 1 итерация
2024-09-09 14:59:58 | DEBUG    | src.yandex:_init_browser:27 - Browser initialized
2024-09-09 15:00:00 | DEBUG    | src.yandex:start:34 - Page loaded
2024-09-09 15:00:00 | INFO     | __main__:main:17 - 2 итерация
2024-09-09 15:00:01 | DEBUG    | src.yandex:_init_browser:27 - Browser initialized
2024-09-09 15:00:15 | DEBUG    | src.yandex:_init_browser:27 - Browser initialized
2024-09-09 15:00:19 | DEBUG    | src.yandex:start:34 - Page loaded
2024-09-09 15:01:04 | DEBUG    | src.yandex:_init_browser:27 - Browser initialized
2024-09-09 15:01:08 | DEBUG    | src.yandex:start:34 - Page loaded
2024-09-09 15:01:43 | DEBUG    | src.yandex:_init_browser:27 - Browser initialized
2024-09-09 15:01:45 | DEBUG    | src.yandex:start:34 - Page loaded
2024-09-09 15:02:56 | DEBUG    | src.yandex:_init_browser:28 - Browser initialized
2024-09-09 15:02:58 | DEBUG    | src.yandex:start:35 - Page loaded
2024-09-09 15:04:21 | DEBUG    | src.yandex:_init_browser:27 - Browser initialized
2024-09-09 15:04:23 | DEBUG    | src.yandex:start:34 - Page loaded
2024-09-09 15:04:37 | INFO     | __main__:main:17 - 1 итерация
2024-09-09 15:04:37 | DEBUG    | src.yandex:_init_browser:27 - Browser initialized
2024-09-09 15:04:39 | DEBUG    | src.yandex:start:34 - Page loaded
2024-09-09 15:05:05 | DEBUG    | src.yandex:_init_browser:27 - Browser initialized
2024-09-09 15:05:07 | DEBUG    | src.yandex:start:34 - Page loaded
2024-09-09 15:05:19 | INFO     | __main__:main:17 - 1 итерация
2024-09-09 15:05:19 | DEBUG    | src.yandex:_init_browser:27 - Browser initialized
2024-09-09 15:05:21 | DEBUG    | src.yandex:start:34 - Page loaded
2024-09-09 15:05:35 | INFO     | __main__:main:17 - 2 итерация
2024-09-09 15:05:35 | DEBUG    | src.yandex:_init_browser:27 - Browser initialized
2024-09-09 15:06:55 | DEBUG    | src.yandex:_init_browser:27 - Browser initialized
2024-09-09 15:07:02 | DEBUG    | src.yandex:start:34 - Page loaded
2024-09-09 15:41:40 | INFO     | src.bot:main:25 - Start polling
2024-09-09 15:41:57 | DEBUG    | src.yandex:_init_browser:27 - Browser initialized
2024-09-09 15:42:12 | INFO     | src.bot:main:38 - Start polling
2024-09-09 15:42:22 | DEBUG    | src.yandex:_init_browser:27 - Browser initialized
2024-09-09 15:42:35 | INFO     | src.bot:main:38 - Start polling
2024-09-09 15:43:06 | DEBUG    | src.yandex:_init_browser:27 - Browser initialized
2024-09-09 15:43:08 | DEBUG    | src.yandex:start:34 - Page loaded
2024-09-09 15:43:08 | DEBUG    | src.yandex:get_form_json:83 - JSON form loaded
2024-09-09 15:53:19 | INFO     | src.bot:main:38 - Start polling
2024-09-09 15:53:30 | DEBUG    | src.yandex:_init_browser:27 - Browser initialized
2024-09-09 15:53:33 | DEBUG    | src.yandex:start:34 - Page loaded
2024-09-09 15:53:33 | DEBUG    | src.yandex:get_form_json:83 - JSON form loaded
2024-09-09 15:55:22 | INFO     | src.bot:main:55 - Start polling
2024-09-09 15:55:37 | DEBUG    | src.yandex:_init_browser:27 - Browser initialized
2024-09-09 15:55:39 | DEBUG    | src.yandex:start:34 - Page loaded
2024-09-09 15:55:40 | DEBUG    | src.yandex:get_form_json:83 - JSON form loaded
2024-09-09 15:56:44 | INFO     | src.bot:main:55 - Start polling
2024-09-09 15:56:53 | DEBUG    | src.yandex:_init_browser:27 - Browser initialized
2024-09-09 15:56:55 | DEBUG    | src.yandex:start:34 - Page loaded
2024-09-09 15:56:55 | DEBUG    | src.yandex:get_form_json:83 - JSON form loaded
2024-09-09 15:57:06 | INFO     | src.bot:main:57 - Start polling
2024-09-09 15:57:25 | INFO     | src.bot:main:57 - Start polling
2024-09-09 15:57:33 | DEBUG    | src.yandex:_init_browser:27 - Browser initialized
2024-09-09 15:57:35 | DEBUG    | src.yandex:start:34 - Page loaded
2024-09-09 15:57:35 | DEBUG    | src.yandex:get_form_json:83 - JSON form loaded
2024-09-09 15:58:47 | INFO     | src.bot:main:57 - Start polling
2024-09-09 15:58:54 | DEBUG    | src.yandex:_init_browser:27 - Browser initialized
2024-09-09 15:58:57 | DEBUG    | src.yandex:start:34 - Page loaded
2024-09-09 15:58:58 | DEBUG    | src.yandex:get_form_json:83 - JSON form loaded
2024-09-09 15:59:05 | DEBUG    | src.yandex:_init_browser:27 - Browser initialized
2024-09-09 15:59:05 | DEBUG    | src.yandex:_init_browser:27 - Browser initialized
2024-09-09 15:59:06 | DEBUG    | src.yandex:_init_browser:27 - Browser initialized
2024-09-09 15:59:07 | DEBUG    | src.yandex:_init_browser:27 - Browser initialized
2024-09-09 15:59:08 | DEBUG    | src.yandex:start:34 - Page loaded
2024-09-09 15:59:08 | DEBUG    | src.yandex:start:34 - Page loaded
2024-09-09 15:59:09 | DEBUG    | src.yandex:start:34 - Page loaded
2024-09-09 15:59:09 | DEBUG    | src.yandex:get_form_json:83 - JSON form loaded
2024-09-09 15:59:09 | DEBUG    | src.yandex:get_form_json:83 - JSON form loaded
2024-09-09 15:59:09 | DEBUG    | src.yandex:get_form_json:83 - JSON form loaded
2024-09-09 15:59:09 | DEBUG    | src.yandex:start:34 - Page loaded
2024-09-09 15:59:10 | DEBUG    | src.yandex:get_form_json:83 - JSON form loaded
2024-09-09 15:59:20 | INFO     | src.bot:main:57 - Start polling
2024-09-09 16:02:31 | DEBUG    | src.yandex:_init_browser:27 - Browser initialized
2024-09-09 16:02:33 | DEBUG    | src.yandex:start:34 - Page loaded
2024-09-09 16:02:34 | DEBUG    | src.yandex:get_form_json:83 - JSON form loaded
2024-09-09 16:02:47 | INFO     | src.bot:main:58 - Start polling
2024-09-09 16:02:55 | DEBUG    | src.yandex:_init_browser:27 - Browser initialized
2024-09-09 16:02:57 | DEBUG    | src.yandex:start:34 - Page loaded
2024-09-09 16:02:58 | DEBUG    | src.yandex:get_form_json:83 - JSON form loaded
2024-09-09 16:03:08 | INFO     | src.bot:main:58 - Start polling
2024-09-09 16:03:17 | DEBUG    | src.yandex:_init_browser:27 - Browser initialized
2024-09-09 16:03:19 | DEBUG    | src.yandex:start:34 - Page loaded
2024-09-09 16:03:20 | DEBUG    | src.yandex:get_form_json:83 - JSON form loaded
2024-09-09 16:04:44 | INFO     | src.bot:main:58 - Start polling
2024-09-09 16:15:10 | INFO     | src.bot:main:62 - Start polling
2024-09-09 16:23:19 | DEBUG    | src.yandex:_init_browser:27 - Browser initialized
2024-09-09 16:23:21 | DEBUG    | src.yandex:start:34 - Page loaded
2024-09-09 16:23:59 | INFO     | src.bot:main:77 - Start polling
2024-09-09 16:24:11 | DEBUG    | src.yandex:_init_browser:27 - Browser initialized
2024-09-09 16:24:13 | DEBUG    | src.yandex:start:34 - Page loaded
2024-09-09 16:24:14 | DEBUG    | src.yandex:get_form_json:86 - JSON form loaded
2024-09-09 16:24:56 | INFO     | src.bot:main:77 - Start polling
2024-09-09 16:25:06 | DEBUG    | src.yandex:_init_browser:27 - Browser initialized
2024-09-09 16:25:08 | DEBUG    | src.yandex:start:34 - Page loaded
2024-09-09 16:25:09 | DEBUG    | src.yandex:get_form_json:86 - JSON form loaded
2024-09-09 16:25:51 | INFO     | src.bot:main:77 - Start polling
2024-09-09 16:26:03 | DEBUG    | src.yandex:_init_browser:27 - Browser initialized
2024-09-09 16:26:05 | DEBUG    | src.yandex:start:34 - Page loaded
2024-09-09 16:26:05 | DEBUG    | src.yandex:get_form_json:86 - JSON form loaded
2024-09-09 16:26:10 | DEBUG    | src.yandex:_init_browser:27 - Browser initialized
2024-09-09 16:26:13 | DEBUG    | src.yandex:start:34 - Page loaded
2024-09-09 16:31:49 | INFO     | src.bot:main:77 - Start polling
2024-09-09 16:31:54 | INFO     | src.bot:main:76 - Start polling
2024-09-09 16:44:16 | INFO     | src.bot:main:103 - Start polling
2024-09-09 16:44:35 | DEBUG    | src.yandex:_init_browser:27 - Browser initialized
2024-09-09 16:44:37 | DEBUG    | src.yandex:start:34 - Page loaded
2024-09-09 16:44:38 | DEBUG    | src.yandex:get_form_json:86 - JSON form loaded
2024-09-09 16:45:53 | INFO     | src.bot:main:103 - Start polling
2024-09-09 16:46:04 | DEBUG    | src.yandex:_init_browser:27 - Browser initialized
2024-09-09 16:46:06 | DEBUG    | src.yandex:start:34 - Page loaded
2024-09-09 16:46:18 | DEBUG    | src.yandex:_init_browser:27 - Browser initialized
2024-09-09 16:46:20 | DEBUG    | src.yandex:start:34 - Page loaded
2024-09-09 16:50:35 | INFO     | src.bot:main:122 - Запуск бота
2024-09-09 16:50:50 | INFO     | src.bot:command_start_handler:24 - Начата обработка команды /start от пользователя 968296667
2024-09-09 16:51:11 | INFO     | src.bot:handle_yandex_form_link:34 - Получена ссылка на форму от пользователя 968296667: https://forms.yandex.ru/u/66dd673d5056905f78e71678/
2024-09-09 16:51:13 | DEBUG    | src.yandex:_init_browser:27 - Browser initialized
2024-09-09 16:51:15 | DEBUG    | src.yandex:start:34 - Page loaded
2024-09-09 16:51:16 | DEBUG    | src.yandex:get_form_json:86 - JSON form loaded
2024-09-09 16:51:33 | INFO     | src.bot:run_filling:56 - Команда /run от пользователя 968296667
2024-09-09 16:51:39 | INFO     | src.bot:process_repetitions:71 - Пользователь 968296667 запросил 1 повторений заполнения формы
2024-09-09 16:51:40 | DEBUG    | src.yandex:_init_browser:27 - Browser initialized
2024-09-09 16:51:42 | DEBUG    | src.yandex:start:34 - Page loaded
2024-09-09 16:51:54 | INFO     | src.bot:process_repetitions:89 - Форма успешно заполнена 1 раз(а) для пользователя 968296667
2024-09-09 17:02:53 | INFO     | src.bot:main:217 - Запуск бота
2024-09-09 17:03:00 | INFO     | src.bot:command_start_handler:25 - Начата обработка команды /start от пользователя 968296667
2024-09-09 17:03:06 | INFO     | src.bot:handle_yandex_form_link:35 - Получена ссылка на форму от пользователя 968296667: https://forms.yandex.ru/u/66dd673d5056905f78e71678/
2024-09-09 17:03:08 | DEBUG    | src.yandex:_init_browser:27 - Browser initialized
2024-09-09 17:03:10 | DEBUG    | src.yandex:start:34 - Page loaded
2024-09-09 17:03:10 | DEBUG    | src.yandex:get_form_json:86 - JSON form loaded
2024-09-09 17:03:52 | INFO     | src.bot:process_weights:185 - Пользователь 968296667 установил веса для вопроса №1: [9, 2, 0, 0]
2024-09-09 17:05:15 | INFO     | src.bot:main:217 - Запуск бота
2024-09-09 17:06:09 | INFO     | src.bot:process_weights:185 - Пользователь 968296667 установил веса для вопроса №1: [5, 0, 0, 0]
2024-09-09 17:06:18 | INFO     | src.bot:run_filling:56 - Команда /run от пользователя 968296667
2024-09-09 17:06:20 | INFO     | src.bot:process_repetitions:70 - Пользователь 968296667 запросил 1 повторений заполнения формы
2024-09-09 17:06:21 | DEBUG    | src.yandex:_init_browser:27 - Browser initialized
2024-09-09 17:06:23 | DEBUG    | src.yandex:start:34 - Page loaded
2024-09-09 17:06:31 | ERROR    | src.bot:process_repetitions:93 - Ошибка при заполнении формы: ElementHandle.query_selector_all: Target page, context or browser has been closed
2024-09-09 17:08:42 | INFO     | src.bot:main:217 - Запуск бота
2024-09-09 17:09:00 | INFO     | src.bot:command_start_handler:25 - Начата обработка команды /start от пользователя 968296667
2024-09-09 17:09:08 | INFO     | src.bot:handle_yandex_form_link:35 - Получена ссылка на форму от пользователя 968296667: https://forms.yandex.ru/u/66dd673d5056905f78e71678/
2024-09-09 17:09:09 | DEBUG    | src.yandex:_init_browser:27 - Browser initialized
2024-09-09 17:09:12 | DEBUG    | src.yandex:start:34 - Page loaded
2024-09-09 17:09:12 | DEBUG    | src.yandex:get_form_json:86 - JSON form loaded
2024-09-09 17:20:46 | INFO     | src.bot:command_start_handler:25 - Начата обработка команды /start от пользователя 968296667
2024-09-09 17:20:54 | INFO     | src.bot:handle_yandex_form_link:35 - Получена ссылка на форму от пользователя 968296667: https://forms.yandex.ru/u/66dd673d5056905f78e71678/
2024-09-09 17:20:55 | DEBUG    | src.yandex:_init_browser:27 - Browser initialized
2024-09-09 17:21:20 | DEBUG    | src.yandex:start:34 - Page loaded
2024-09-09 17:21:21 | DEBUG    | src.yandex:get_form_json:86 - JSON form loaded
2024-09-09 17:21:41 | INFO     | src.bot:run_filling:56 - Команда /run от пользователя 968296667
2024-09-09 17:21:45 | INFO     | src.bot:process_repetitions:70 - Пользователь 968296667 запросил 1 повторений заполнения формы
2024-09-09 17:21:46 | DEBUG    | src.yandex:_init_browser:27 - Browser initialized
2024-09-09 17:21:50 | DEBUG    | src.yandex:start:34 - Page loaded
2024-09-09 17:22:18 | INFO     | src.bot:process_repetitions:88 - Форма успешно заполнена 1 раз(а) для пользователя 968296667
